<?xml version="1.0" encoding="UTF-8"?>
<!-- Generated by org.testng.reporters.JUnitXMLReporter -->
<testsuite hostname="DELL-PC" name="RegisterUserLogin" tests="1" failures="0" timestamp="12 Feb 2017 16:11:52 GMT" time="75.213" errors="0">
  <testcase name="@BeforeTest beforeTest" time="0.0" classname="com.test.RegisterUserLogin">
    <failure type="java.lang.NullPointerException">
      <![CDATA[java.lang.NullPointerException
	at com.test.RegisterUserLogin.beforeTest(RegisterUserLogin.java:33)
... Removed 22 stack frames]]>
    </failure>
  </testcase> <!-- @BeforeTest beforeTest -->
  <testcase name="verifyPlan" time="0.001" classname="com.test.RegisterUserLogin">
    <skipped/>
  </testcase> <!-- verifyPlan -->
</testsuite> <!-- RegisterUserLogin -->
