<?xml version="1.0" encoding="UTF-8"?>
<testng-results skipped="1" failed="0" total="1" passed="0">
  <reporter-output>
    <line>
      <![CDATA[ Firefox Successfully set in system property]]>
    </line>
  </reporter-output>
  <suite name="Suite" duration-ms="75213" started-at="2017-02-12T16:10:36Z" finished-at="2017-02-12T16:11:52Z">
    <groups>
    </groups>
    <test name="RegisterUserLogin" duration-ms="75213" started-at="2017-02-12T16:10:36Z" finished-at="2017-02-12T16:11:52Z">
      <class name="com.test.RegisterUserLogin">
        <test-method status="FAIL" signature="beforeTest(java.lang.String)[pri:0, instance:com.test.RegisterUserLogin@28f67ac7]" name="beforeTest" is-config="true" duration-ms="0" started-at="2017-02-12T21:40:36Z" finished-at="2017-02-12T21:40:36Z">
          <params>
            <param index="0">
              <value>
                <![CDATA[firefox]]>
              </value>
            </param>
          </params>
          <exception class="java.lang.NullPointerException">
            <full-stacktrace>
              <![CDATA[java.lang.NullPointerException
	at com.test.RegisterUserLogin.beforeTest(RegisterUserLogin.java:33)
	at sun.reflect.NativeMethodAccessorImpl.invoke0(Native Method)
	at sun.reflect.NativeMethodAccessorImpl.invoke(NativeMethodAccessorImpl.java:62)
	at sun.reflect.DelegatingMethodAccessorImpl.invoke(DelegatingMethodAccessorImpl.java:43)
	at java.lang.reflect.Method.invoke(Method.java:483)
	at org.testng.internal.MethodInvocationHelper.invokeMethod(MethodInvocationHelper.java:84)
	at org.testng.internal.Invoker.invokeConfigurationMethod(Invoker.java:564)
	at org.testng.internal.Invoker.invokeConfigurations(Invoker.java:213)
	at org.testng.internal.Invoker.invokeConfigurations(Invoker.java:138)
	at org.testng.TestRunner.beforeRun(TestRunner.java:641)
	at org.testng.TestRunner.run(TestRunner.java:609)
	at org.testng.SuiteRunner.runTest(SuiteRunner.java:334)
	at org.testng.SuiteRunner.runSequentially(SuiteRunner.java:329)
	at org.testng.SuiteRunner.privateRun(SuiteRunner.java:291)
	at org.testng.SuiteRunner.run(SuiteRunner.java:240)
	at org.testng.SuiteRunnerWorker.runSuite(SuiteRunnerWorker.java:52)
	at org.testng.SuiteRunnerWorker.run(SuiteRunnerWorker.java:86)
	at org.testng.TestNG.runSuitesSequentially(TestNG.java:1224)
	at org.testng.TestNG.runSuitesLocally(TestNG.java:1149)
	at org.testng.TestNG.run(TestNG.java:1057)
	at org.testng.remote.RemoteTestNG.run(RemoteTestNG.java:111)
	at org.testng.remote.RemoteTestNG.initAndRun(RemoteTestNG.java:204)
	at org.testng.remote.RemoteTestNG.main(RemoteTestNG.java:175)
]]>
            </full-stacktrace>
          </exception> <!-- java.lang.NullPointerException -->
          <reporter-output>
          </reporter-output>
        </test-method> <!-- beforeTest -->
        <test-method status="SKIP" signature="verifyPlan()[pri:0, instance:com.test.RegisterUserLogin@28f67ac7]" name="verifyPlan" duration-ms="1" started-at="2017-02-12T21:41:52Z" finished-at="2017-02-12T21:41:52Z">
          <reporter-output>
          </reporter-output>
        </test-method> <!-- verifyPlan -->
      </class> <!-- com.test.RegisterUserLogin -->
    </test> <!-- RegisterUserLogin -->
  </suite> <!-- Suite -->
</testng-results>
